<?xml version="1.0" encoding="UTF-8"?>
<testsuite xmlns:xsi="http://www.w3.org/2001/XMLSchema-instance" xsi:noNamespaceSchemaLocation="https://maven.apache.org/surefire/maven-surefire-plugin/xsd/surefire-test-report-3.0.xsd" version="3.0" name="ordersCourierIdTest" time="4.323" tests="1" errors="0" skipped="0" failures="0">
  <properties>
[...]
</properties>
  <testcase name="checkOrdersResponseBodyTest" classname="ordersCourierIdTest" time="4.273">
    <system-out><![CDATA[{"orders":[],"pageInfo":{"page":0,"total":0,"limit":30},"availableStations":[]}
]]></system-out>
  </testcase>
</testsuite>